<?xml version="1.0" encoding="UTF-8"?>
<!-- Generated by org.testng.reporters.JUnitReportReporter -->
<testsuite hostname="Appy" failures="0" tests="6" name="Day12.Annotations" time="0.048" errors="0" timestamp="2024-04-01T11:02:43 IST" skipped="0">
  <testcase classname="Day12.Annotations" name="advancedSearch" time="0.006"/>
  <system-out/>
  <testcase classname="Day12.Annotations" name="advancedSearch" time="0.008"/>
  <system-out/>
  <testcase classname="Day12.Annotations" name="Search" time="0.015"/>
  <system-out/>
  <testcase classname="Day12.Annotations" name="advancedSearch" time="0.002"/>
  <system-out/>
  <testcase classname="Day12.Annotations" name="Search" time="0.002"/>
  <system-out/>
  <testcase classname="Day12.Annotations" name="Search" time="0.015"/>
  <system-out/>
</testsuite> <!-- Day12.Annotations -->
