<?xml version="1.0" encoding="UTF-8"?>
<!-- Generated by org.testng.reporters.JUnitReportReporter -->
<testsuite hostname="Appy" failures="0" tests="3" name="Day11.ThirdTest" time="15.474" errors="0" timestamp="2024-03-29T12:08:55 IST" skipped="0">
  <testcase classname="Day11.ThirdTest" name="openApp" time="12.187"/>
  <system-out/>
  <testcase classname="Day11.ThirdTest" name="logIn" time="2.939"/>
  <system-out/>
  <testcase classname="Day11.ThirdTest" name="closeApp" time="0.348"/>
  <system-out/>
</testsuite> <!-- Day11.ThirdTest -->
