<?xml version="1.0" encoding="UTF-8"?>
<!-- Generated by org.testng.reporters.JUnitReportReporter -->
<testsuite hostname="Appy" failures="0" tests="1" name="Day12.DependentMethods" time="0.036" errors="0" timestamp="2024-04-01T22:17:52 IST" skipped="0">
  <testcase classname="Day12.DependentMethods" name="openUrl" time="0.036"/>
  <system-out/>
</testsuite> <!-- Day12.DependentMethods -->
