<?xml version="1.0" encoding="UTF-8"?>
<!-- Generated by org.testng.reporters.JUnitReportReporter -->
<testsuite hostname="Appy" failures="0" tests="3" name="Day11.ThirdTest" time="23.117" errors="0" timestamp="2024-04-08T10:55:41 IST" skipped="0">
  <testcase classname="Day11.ThirdTest" name="openApp" time="21.072"/>
  <system-out/>
  <testcase classname="Day11.ThirdTest" name="logIn" time="1.555"/>
  <system-out/>
  <testcase classname="Day11.ThirdTest" name="closeApp" time="0.490"/>
  <system-out/>
</testsuite> <!-- Day11.ThirdTest -->
