<?xml version="1.0" encoding="UTF-8"?>
<!-- Generated by org.testng.reporters.JUnitReportReporter -->
<testsuite hostname="Appy" failures="0" tests="9" name="Day12.SecondTest" time="0.044" errors="0" timestamp="2024-04-01T11:02:43 IST" skipped="0">
  <testcase classname="Day12.SecondTest" name="Login" time="0.010"/>
  <system-out/>
  <testcase classname="Day12.SecondTest" name="Login" time="0.002"/>
  <system-out/>
  <testcase classname="Day12.SecondTest" name="Login" time="0.012"/>
  <system-out/>
  <testcase classname="Day12.SecondTest" name="Search" time="0.002"/>
  <system-out/>
  <testcase classname="Day12.SecondTest" name="Search" time="0.001"/>
  <system-out/>
  <testcase classname="Day12.SecondTest" name="Search" time="0.003"/>
  <system-out/>
  <testcase classname="Day12.SecondTest" name="Logout" time="0.007"/>
  <system-out/>
  <testcase classname="Day12.SecondTest" name="Logout" time="0.001"/>
  <system-out/>
  <testcase classname="Day12.SecondTest" name="Logout" time="0.006"/>
  <system-out/>
</testsuite> <!-- Day12.SecondTest -->
