<?xml version="1.0" encoding="UTF-8"?>
<!-- Generated by org.testng.reporters.JUnitReportReporter -->
<testsuite hostname="Appy" failures="0" tests="2" name="Day13.loginTest2" time="2.125" errors="0" timestamp="2024-04-04T19:39:07 IST" skipped="0">
  <testcase classname="Day13.loginTest2" name="chkLogo" time="0.067"/>
  <system-out/>
  <testcase classname="Day13.loginTest2" name="login" time="2.058"/>
  <system-out/>
</testsuite> <!-- Day13.loginTest2 -->
