<?xml version="1.0" encoding="UTF-8"?>
<!-- Generated by org.testng.reporters.JUnitReportReporter -->
<testsuite hostname="Appy" failures="0" tests="2" name="Day12.allAnnotations" time="0.063" errors="0" timestamp="2024-04-01T22:12:43 IST" skipped="0">
  <testcase classname="Day12.allAnnotations" name="display" time="0.033"/>
  <system-out/>
  <testcase classname="Day12.allAnnotations" name="show" time="0.030"/>
  <system-out/>
</testsuite> <!-- Day12.allAnnotations -->
