<?xml version="1.0" encoding="UTF-8"?>
<!-- Generated by org.testng.reporters.JUnitReportReporter -->
<testsuite hostname="Appy" failures="0" tests="6" name="Day12.parameterizationThroughXML" time="4.476" errors="0" timestamp="2024-04-03T12:32:41 IST" skipped="0">
  <testcase classname="Day12.parameterizationThroughXML" name="testHomePageTitle" time="0.030"/>
  <system-out/>
  <testcase classname="Day12.parameterizationThroughXML" name="testHomePageTitle" time="0.020"/>
  <system-out/>
  <testcase classname="Day12.parameterizationThroughXML" name="testLogo" time="0.054"/>
  <system-out/>
  <testcase classname="Day12.parameterizationThroughXML" name="testLogo" time="0.067"/>
  <system-out/>
  <testcase classname="Day12.parameterizationThroughXML" name="testLogin" time="2.220"/>
  <system-out/>
  <testcase classname="Day12.parameterizationThroughXML" name="testLogin" time="2.085"/>
  <system-out/>
</testsuite> <!-- Day12.parameterizationThroughXML -->
