<?xml version="1.0" encoding="UTF-8"?>
<!-- Generated by org.testng.reporters.JUnitReportReporter -->
<testsuite hostname="Appy" failures="0" tests="3" name="Day11.SecondTest" time="0.006" errors="0" timestamp="2024-03-29T11:53:49 IST" skipped="0">
  <testcase classname="Day11.SecondTest" name="Login" time="0.003"/>
  <system-out/>
  <testcase classname="Day11.SecondTest" name="Search" time="0.001"/>
  <system-out/>
  <testcase classname="Day11.SecondTest" name="Logout" time="0.002"/>
  <system-out/>
</testsuite> <!-- Day11.SecondTest -->
