<?xml version="1.0" encoding="UTF-8"?>
<!-- Generated by org.testng.reporters.JUnitReportReporter -->
<testsuite hostname="Appy" failures="0" tests="3" name="Day11.FirstTest" time="0.040" errors="0" timestamp="2024-03-29T12:08:55 IST" skipped="0">
  <testcase classname="Day11.FirstTest" name="test1" time="0.032"/>
  <system-out/>
  <testcase classname="Day11.FirstTest" name="test3" time="0.005"/>
  <system-out/>
  <testcase classname="Day11.FirstTest" name="test2" time="0.003"/>
  <system-out/>
</testsuite> <!-- Day11.FirstTest -->
