<?xml version="1.0" encoding="UTF-8"?>
<!-- Generated by org.testng.reporters.JUnitReportReporter -->
<testsuite hostname="Appy" failures="0" tests="3" name="Day12.GroupingDemo" time="0.020" errors="0" timestamp="2024-04-02T11:39:04 IST" skipped="0">
  <testcase classname="Day12.GroupingDemo" name="signupByFacebook" time="0.016"/>
  <system-out/>
  <testcase classname="Day12.GroupingDemo" name="signupByTwitter" time="0.002"/>
  <system-out/>
  <testcase classname="Day12.GroupingDemo" name="paymentReturnbyBank" time="0.002"/>
  <system-out/>
</testsuite> <!-- Day12.GroupingDemo -->
