<?xml version="1.0" encoding="UTF-8"?>
<!-- Generated by org.testng.reporters.JUnitReportReporter -->
<testsuite hostname="Appy" failures="0" tests="10" name="Day12.invocationCount" time="0.044" errors="0" timestamp="2024-04-03T10:53:05 IST" skipped="0">
  <testcase classname="Day12.invocationCount" name="test" time="0.002"/>
  <system-out/>
  <testcase classname="Day12.invocationCount" name="test" time="0.002"/>
  <system-out/>
  <testcase classname="Day12.invocationCount" name="test" time="0.005"/>
  <system-out/>
  <testcase classname="Day12.invocationCount" name="test" time="0.001"/>
  <system-out/>
  <testcase classname="Day12.invocationCount" name="test" time="0.022"/>
  <system-out/>
  <testcase classname="Day12.invocationCount" name="test" time="0.003"/>
  <system-out/>
  <testcase classname="Day12.invocationCount" name="test" time="0.002"/>
  <system-out/>
  <testcase classname="Day12.invocationCount" name="test" time="0.002"/>
  <system-out/>
  <testcase classname="Day12.invocationCount" name="test" time="0.001"/>
  <system-out/>
  <testcase classname="Day12.invocationCount" name="test" time="0.004"/>
  <system-out/>
</testsuite> <!-- Day12.invocationCount -->
