<?xml version="1.0" encoding="UTF-8"?>
<!-- Generated by org.testng.reporters.JUnitReportReporter -->
<testsuite hostname="Appy" failures="0" tests="3" name="Day11.ThirdTest" time="8.688" errors="0" timestamp="2024-04-08T12:14:46 IST" skipped="0">
  <testcase classname="Day11.ThirdTest" name="openApp" time="7.034"/>
  <testcase classname="Day11.ThirdTest" name="logIn" time="1.302"/>
  <testcase classname="Day11.ThirdTest" name="closeApp" time="0.352"/>
</testsuite> <!-- Day11.ThirdTest -->
